<?xml version="1.0" encoding="UTF-8" ?>
<testsuite tests="14" failures="0" name="it.unisa.diem.softeng.gruppo1.VerificaMailTest" time="0" errors="0" skipped="0">
  <properties>
    <property name="java.runtime.name" value="Java(TM) SE Runtime Environment"/>
    <property name="sun.boot.library.path" value="C:\Program Files\Java\jdk-1.8\jre\bin"/>
    <property name="java.vm.version" value="25.411-b09"/>
    <property name="java.vm.vendor" value="Oracle Corporation"/>
    <property name="maven.multiModuleProjectDirectory" value="C:\Users\Chiara\Documents\NetBeansProjects\Project-Work-Gruppo-1"/>
    <property name="java.vendor.url" value="http://java.oracle.com/"/>
    <property name="path.separator" value=";"/>
    <property name="guice.disable.misplaced.annotation.check" value="true"/>
    <property name="java.vm.name" value="Java HotSpot(TM) 64-Bit Server VM"/>
    <property name="file.encoding.pkg" value="sun.io"/>
    <property name="user.script" value=""/>
    <property name="user.country" value="IT"/>
    <property name="sun.java.launcher" value="SUN_STANDARD"/>
    <property name="sun.os.patch.level" value=""/>
    <property name="java.vm.specification.name" value="Java Virtual Machine Specification"/>
    <property name="user.dir" value="C:\Users\Chiara\Documents\NetBeansProjects\Project-Work-Gruppo-1"/>
    <property name="java.runtime.version" value="1.8.0_411-b09"/>
    <property name="java.awt.graphicsenv" value="sun.awt.Win32GraphicsEnvironment"/>
    <property name="java.endorsed.dirs" value="C:\Program Files\Java\jdk-1.8\jre\lib\endorsed"/>
    <property name="os.arch" value="amd64"/>
    <property name="java.io.tmpdir" value="C:\Users\Chiara\AppData\Local\Temp\"/>
    <property name="line.separator" value="
"/>
    <property name="java.vm.specification.vendor" value="Oracle Corporation"/>
    <property name="user.variant" value=""/>
    <property name="os.name" value="Windows 11"/>
    <property name="maven.ext.class.path" value="C:\Program Files\NetBeans-12.4\netbeans\java\maven-nblib\netbeans-eventspy.jar"/>
    <property name="classworlds.conf" value="C:\Program Files\NetBeans-12.4\netbeans\java\maven\bin\..\bin\m2.conf"/>
    <property name="sun.jnu.encoding" value="Cp1252"/>
    <property name="java.library.path" value="C:\Program Files\Java\jdk-1.8\bin;C:\WINDOWS\Sun\Java\bin;C:\WINDOWS\system32;C:\WINDOWS;C:\Program Files\Zulu\zulu-21\bin\;C:\Program Files (x86)\Common Files\Oracle\Java\java8path;C:\Program Files (x86)\Common Files\Oracle\Java\javapath;C:\Program Files\Microsoft\jdk-11.0.12.7-hotspot\bin;C:\WINDOWS\system32;C:\WINDOWS;C:\WINDOWS\System32\Wbem;C:\WINDOWS\System32\WindowsPowerShell\v1.0\;C:\WINDOWS\System32\OpenSSH\;C:\Program Files\Microsoft SQL Server\150\Tools\Binn\;C:\Program Files\Microsoft SQL Server\Client SDK\ODBC\170\Tools\Binn\;C:\Program Files\dotnet\;C:\Program Files\MATLAB\R2022b\bin;E:\AS2\platform-tools;C:\Program Files\Zulu\zulu-21\bin;C:\Program Files\Git\cmd;C:\Program Files\doxygen\bin;C:\apache-maven-3.x.x;C:\Program Files\Java\jdk-17;C:\apache-maven-3.x.x\apache-maven-3.9.9\bin;C:\Users\Chiara\AppData\Local\Microsoft\WindowsApps;C:\Users\Chiara\.dotnet\tools;C:\Users\Chiara\AppData\Local\Programs\Microsoft VS Code\bin;C:\flutter\bin;E:\AS2\platform-tools;C:\Program Files\Zulu\zulu-21\bin;;."/>
    <property name="maven.conf" value="C:\Program Files\NetBeans-12.4\netbeans\java\maven\bin\../conf"/>
    <property name="java.specification.name" value="Java Platform API Specification"/>
    <property name="java.class.version" value="52.0"/>
    <property name="sun.management.compiler" value="HotSpot 64-Bit Tiered Compilers"/>
    <property name="os.version" value="10.0"/>
    <property name="library.jansi.path" value="C:\Program Files\NetBeans-12.4\netbeans\java\maven\bin\..\lib\jansi-native"/>
    <property name="user.home" value="C:\Users\Chiara"/>
    <property name="user.timezone" value="Europe/Berlin"/>
    <property name="java.awt.printerjob" value="sun.awt.windows.WPrinterJob"/>
    <property name="java.specification.version" value="1.8"/>
    <property name="file.encoding" value="UTF-8"/>
    <property name="user.name" value="Chiara"/>
    <property name="java.class.path" value="C:\Program Files\NetBeans-12.4\netbeans\java\maven\bin\..\boot\plexus-classworlds-2.6.0.jar"/>
    <property name="java.vm.specification.version" value="1.8"/>
    <property name="sun.arch.data.model" value="64"/>
    <property name="java.home" value="C:\Program Files\Java\jdk-1.8\jre"/>
    <property name="sun.java.command" value="org.codehaus.plexus.classworlds.launcher.Launcher -Dmaven.ext.class.path=C:\Program Files\NetBeans-12.4\netbeans\java\maven-nblib\netbeans-eventspy.jar -Dfile.encoding=UTF-8 test"/>
    <property name="java.specification.vendor" value="Oracle Corporation"/>
    <property name="user.language" value="it"/>
    <property name="awt.toolkit" value="sun.awt.windows.WToolkit"/>
    <property name="java.vm.info" value="mixed mode"/>
    <property name="java.version" value="1.8.0_411"/>
    <property name="java.ext.dirs" value="C:\Program Files\Java\jdk-1.8\jre\lib\ext;C:\WINDOWS\Sun\Java\lib\ext"/>
    <property name="sun.boot.class.path" value="C:\Program Files\Java\jdk-1.8\jre\lib\resources.jar;C:\Program Files\Java\jdk-1.8\jre\lib\rt.jar;C:\Program Files\Java\jdk-1.8\jre\lib\jsse.jar;C:\Program Files\Java\jdk-1.8\jre\lib\jce.jar;C:\Program Files\Java\jdk-1.8\jre\lib\charsets.jar;C:\Program Files\Java\jdk-1.8\jre\lib\jfr.jar;C:\Program Files\Java\jdk-1.8\jre\classes"/>
    <property name="java.vendor" value="Oracle Corporation"/>
    <property name="java.specification.maintenance.version" value="5"/>
    <property name="maven.home" value="C:\Program Files\NetBeans-12.4\netbeans\java\maven\bin\.."/>
    <property name="file.separator" value="\"/>
    <property name="java.vendor.url.bug" value="http://bugreport.sun.com/bugreport/"/>
    <property name="sun.cpu.endian" value="little"/>
    <property name="sun.io.unicode.encoding" value="UnicodeLittle"/>
    <property name="sun.desktop" value="windows"/>
    <property name="sun.cpu.isalist" value="amd64"/>
  </properties>
  <testcase classname="it.unisa.diem.softeng.gruppo1.VerificaMailTest" name="it.unisa.diem.softeng.gruppo1.VerificaMailTest.testVerify8" time="0"/>
  <testcase classname="it.unisa.diem.softeng.gruppo1.VerificaMailTest" name="it.unisa.diem.softeng.gruppo1.VerificaMailTest.testVerify10" time="0"/>
  <testcase classname="it.unisa.diem.softeng.gruppo1.VerificaMailTest" name="it.unisa.diem.softeng.gruppo1.VerificaMailTest.testVerify2" time="0"/>
  <testcase classname="it.unisa.diem.softeng.gruppo1.VerificaMailTest" name="it.unisa.diem.softeng.gruppo1.VerificaMailTest.testVerify5" time="0"/>
  <testcase classname="it.unisa.diem.softeng.gruppo1.VerificaMailTest" name="it.unisa.diem.softeng.gruppo1.VerificaMailTest.testVerify" time="0"/>
  <testcase classname="it.unisa.diem.softeng.gruppo1.VerificaMailTest" name="it.unisa.diem.softeng.gruppo1.VerificaMailTest.testVerify3" time="0"/>
  <testcase classname="it.unisa.diem.softeng.gruppo1.VerificaMailTest" name="it.unisa.diem.softeng.gruppo1.VerificaMailTest.testVerify4" time="0"/>
  <testcase classname="it.unisa.diem.softeng.gruppo1.VerificaMailTest" name="it.unisa.diem.softeng.gruppo1.VerificaMailTest.testVerify6" time="0"/>
  <testcase classname="it.unisa.diem.softeng.gruppo1.VerificaMailTest" name="it.unisa.diem.softeng.gruppo1.VerificaMailTest.testVerify7" time="0"/>
  <testcase classname="it.unisa.diem.softeng.gruppo1.VerificaMailTest" name="it.unisa.diem.softeng.gruppo1.VerificaMailTest.testVerify9" time="0"/>
  <testcase classname="it.unisa.diem.softeng.gruppo1.VerificaMailTest" name="it.unisa.diem.softeng.gruppo1.VerificaMailTest.testVerify11" time="0"/>
  <testcase classname="it.unisa.diem.softeng.gruppo1.VerificaMailTest" name="it.unisa.diem.softeng.gruppo1.VerificaMailTest.testVerify14" time="0"/>
  <testcase classname="it.unisa.diem.softeng.gruppo1.VerificaMailTest" name="it.unisa.diem.softeng.gruppo1.VerificaMailTest.testVerify13" time="0"/>
  <testcase classname="it.unisa.diem.softeng.gruppo1.VerificaMailTest" name="it.unisa.diem.softeng.gruppo1.VerificaMailTest.testVerify12" time="0"/>
</testsuite>